<?xml version="1.0" encoding="UTF-8"?>
<!-- Generated by org.testng.reporters.JUnitReportReporter -->
<testsuite hostname="DESKTOP-64QK321" failures="0" tests="1" name="selenium.download_file" time="37.859" errors="0" timestamp="2022-12-29T19:41:00 IST" skipped="0">
  <testcase classname="selenium.download_file" name="download_firefox" time="37.859"/>
  <system-out/>
</testsuite> <!-- selenium.download_file -->
