<?xml version="1.0" encoding="UTF-8"?>
<!-- Generated by org.testng.reporters.JUnitReportReporter -->
<testsuite hostname="DESKTOP-64QK321" failures="0" tests="1" name="selenium.switching_window" time="21.461" errors="0" timestamp="2022-12-27T22:24:19 IST" skipped="0">
  <testcase classname="selenium.switching_window" name="switch_brwser" time="21.461"/>
  <system-out/>
</testsuite> <!-- selenium.switching_window -->
