<?xml version="1.0" encoding="UTF-8"?>
<!-- Generated by org.testng.reporters.JUnitReportReporter -->
<testsuite hostname="DESKTOP-64QK321" failures="0" tests="1" name="selenium.webtable" time="10.081" errors="0" timestamp="2022-12-28T16:31:37 IST" skipped="0">
  <testcase classname="selenium.webtable" name="webtable" time="10.081"/>
  <system-out/>
</testsuite> <!-- selenium.webtable -->
