<?xml version="1.0" encoding="UTF-8"?>
<!-- Generated by org.testng.reporters.JUnitReportReporter -->
<testsuite hostname="DESKTOP-64QK321" failures="0" tests="1" name="selenium.windowhandle" time="28.010" errors="0" timestamp="2022-12-27T22:36:19 IST" skipped="0">
  <testcase classname="selenium.windowhandle" name="windowhandles" time="28.010"/>
  <system-out/>
</testsuite> <!-- selenium.windowhandle -->
