<?xml version="1.0" encoding="UTF-8"?>
<!-- Generated by org.testng.reporters.JUnitReportReporter -->
<testsuite hostname="DESKTOP-64QK321" failures="0" tests="1" name="selenium.checkbox" time="9.720" errors="0" timestamp="2022-12-27T16:56:16 IST" skipped="0">
  <testcase classname="selenium.checkbox" name="checkbox_handling" time="9.720"/>
  <system-out/>
</testsuite> <!-- selenium.checkbox -->
