<?xml version="1.0" encoding="UTF-8"?>
<!-- Generated by org.testng.reporters.JUnitReportReporter -->
<testsuite hostname="DESKTOP-64QK321" failures="0" tests="1" name="selenium.waits" time="13.616" errors="0" timestamp="2022-12-28T15:30:49 IST" skipped="0">
  <testcase classname="selenium.waits" name="waits" time="13.616"/>
  <system-out/>
</testsuite> <!-- selenium.waits -->
