<?xml version="1.0" encoding="UTF-8"?>
<!-- Generated by org.testng.reporters.JUnitReportReporter -->
<testsuite hostname="DESKTOP-64QK321" failures="0" tests="1" name="selenium.dropdown" time="13.619" errors="0" timestamp="2022-12-27T15:03:50 IST" skipped="0">
  <testcase classname="selenium.dropdown" name="dropdown_sorting" time="13.619"/>
  <system-out/>
</testsuite> <!-- selenium.dropdown -->
