<?xml version="1.0" encoding="UTF-8"?>
<!-- Generated by org.testng.reporters.JUnitReportReporter -->
<testsuite hostname="DESKTOP-64QK321" failures="0" tests="1" name="java_practice.ArrayList1" time="0.017" errors="0" timestamp="2023-01-02T16:54:01 IST" skipped="0">
  <testcase classname="java_practice.ArrayList1" name="collection1" time="0.017"/>
  <system-out/>
</testsuite> <!-- java_practice.ArrayList1 -->
