<?xml version="1.0" encoding="UTF-8"?>
<!-- Generated by org.testng.reporters.JUnitReportReporter -->
<testsuite hostname="DESKTOP-64QK321" failures="0" tests="1" name="selenium.tabs_browser" time="28.713" errors="0" timestamp="2022-12-29T10:44:02 IST" skipped="0">
  <testcase classname="selenium.tabs_browser" name="new_tabs" time="28.713"/>
  <system-out/>
</testsuite> <!-- selenium.tabs_browser -->
