<?xml version="1.0" encoding="UTF-8"?>
<!-- Generated by org.testng.reporters.JUnitReportReporter -->
<testsuite hostname="DESKTOP-64QK321" failures="0" tests="2" name="selenium.parametersation_regi" time="28.575" errors="0" timestamp="2022-12-26T12:08:08 IST" skipped="0">
  <testcase classname="selenium.parametersation_regi" name="verify_regi" time="4.627"/>
  <system-out/>
  <testcase classname="selenium.parametersation_regi" name="registration" time="23.948"/>
  <system-out/>
</testsuite> <!-- selenium.parametersation_regi -->
