<?xml version="1.0" encoding="UTF-8"?>
<!-- Generated by org.testng.reporters.JUnitReportReporter -->
<testsuite hostname="DESKTOP-64QK321" failures="0" tests="1" name="selenium.locater" time="12.194" errors="0" timestamp="2023-01-01T22:31:48 IST" skipped="0">
  <testcase classname="selenium.locater" name="login_tc" time="12.194"/>
  <system-out/>
</testsuite> <!-- selenium.locater -->
