<?xml version="1.0" encoding="UTF-8"?>
<!-- Generated by org.testng.reporters.JUnitReportReporter -->
<testsuite hostname="DESKTOP-64QK321" failures="0" tests="1" name="selenium.parameterisation_write" time="1.801" errors="0" timestamp="2022-12-25T17:19:28 IST" skipped="0">
  <testcase classname="selenium.parameterisation_write" name="write_data" time="1.801"/>
  <system-out/>
</testsuite> <!-- selenium.parameterisation_write -->
