<?xml version="1.0" encoding="UTF-8"?>
<!-- Generated by org.testng.reporters.JUnitReportReporter -->
<testsuite hostname="DESKTOP-64QK321" failures="0" tests="1" name="selenium.webele_location_size" time="7.388" errors="0" timestamp="2022-12-29T11:03:12 IST" skipped="0">
  <testcase classname="selenium.webele_location_size" name="location_size" time="7.388"/>
  <system-out/>
</testsuite> <!-- selenium.webele_location_size -->
