<?xml version="1.0" encoding="UTF-8"?>
<!-- Generated by org.testng.reporters.JUnitReportReporter -->
<testsuite hostname="DESKTOP-64QK321" failures="0" tests="1" name="java_practice.ArrayList_2" time="0.018" errors="0" timestamp="2023-01-02T17:12:11 IST" skipped="0">
  <testcase classname="java_practice.ArrayList_2" name="arraylis_sort" time="0.018"/>
  <system-out/>
</testsuite> <!-- java_practice.ArrayList_2 -->
