<?xml version="1.0" encoding="UTF-8"?>
<!-- Generated by org.testng.reporters.JUnitReportReporter -->
<testsuite hostname="DESKTOP-64QK321" failures="0" tests="1" name="selenium.iframe" time="20.781" errors="0" timestamp="2022-12-28T12:21:18 IST" skipped="0">
  <testcase classname="selenium.iframe" name="iframe" time="20.781"/>
  <system-out/>
</testsuite> <!-- selenium.iframe -->
