<?xml version="1.0" encoding="UTF-8"?>
<!-- Generated by org.testng.reporters.JUnitReportReporter -->
<testsuite hostname="DESKTOP-64QK321" failures="0" tests="1" name="selenium.JavaScriptExecutor" time="30.360" errors="0" timestamp="2022-12-29T14:28:57 IST" skipped="0">
  <testcase classname="selenium.JavaScriptExecutor" name="javascript" time="30.360"/>
  <system-out/>
</testsuite> <!-- selenium.JavaScriptExecutor -->
