<?xml version="1.0" encoding="UTF-8"?>
<!-- Generated by org.testng.reporters.JUnitReportReporter -->
<testsuite hostname="DESKTOP-64QK321" failures="0" tests="1" name="selenium.cookies_" time="10.813" errors="0" timestamp="2022-12-29T17:09:18 IST" skipped="0">
  <testcase classname="selenium.cookies_" name="cookies" time="10.813"/>
  <system-out/>
</testsuite> <!-- selenium.cookies_ -->
