<?xml version="1.0" encoding="UTF-8"?>
<!-- Generated by org.testng.reporters.JUnitReportReporter -->
<testsuite hostname="DESKTOP-64QK321" failures="0" tests="1" name="selenium.dropdown_AUTOsuggest" time="16.602" errors="0" timestamp="2022-12-27T15:26:22 IST" skipped="0">
  <testcase classname="selenium.dropdown_AUTOsuggest" name="autosuggestion" time="16.602"/>
  <system-out/>
</testsuite> <!-- selenium.dropdown_AUTOsuggest -->
