<?xml version="1.0" encoding="UTF-8"?>
<!-- Generated by org.testng.reporters.JUnitReportReporter -->
<testsuite hostname="DESKTOP-64QK321" failures="0" tests="1" name="selenium.QR_Code" time="20.105" errors="0" timestamp="2023-01-02T19:45:10 IST" skipped="0">
  <testcase classname="selenium.QR_Code" name="qr_code1" time="20.105"/>
  <system-out/>
</testsuite> <!-- selenium.QR_Code -->
