<?xml version="1.0" encoding="UTF-8"?>
<!-- Generated by org.testng.reporters.JUnitReportReporter -->
<testsuite hostname="DESKTOP-64QK321" failures="0" tests="1" name="selenium.screenshots" time="11.294" errors="0" timestamp="2022-12-28T21:53:33 IST" skipped="0">
  <testcase classname="selenium.screenshots" name="screenshot" time="11.294"/>
  <system-out/>
</testsuite> <!-- selenium.screenshots -->
