<?xml version="1.0" encoding="UTF-8"?>
<!-- Generated by org.testng.reporters.JUnitReportReporter -->
<testsuite hostname="DESKTOP-64QK321" failures="0" tests="1" name="selenium.login" time="22.033" errors="0" timestamp="2022-12-20T18:01:35 IST" skipped="0">
  <testcase classname="selenium.login" name="submit" time="22.033"/>
  <system-out/>
</testsuite> <!-- selenium.login -->
