<?xml version="1.0" encoding="UTF-8"?>
<!-- Generated by org.testng.reporters.JUnitReportReporter -->
<testsuite hostname="DESKTOP-64QK321" failures="0" tests="1" name="selenium.dorpdown_Auto_Fill" time="13.765" errors="0" timestamp="2022-12-27T15:46:26 IST" skipped="0">
  <testcase classname="selenium.dorpdown_Auto_Fill" name="autofill" time="13.765"/>
  <system-out/>
</testsuite> <!-- selenium.dorpdown_Auto_Fill -->
