<?xml version="1.0" encoding="UTF-8"?>
<!-- Generated by org.testng.reporters.JUnitReportReporter -->
<testsuite hostname="DESKTOP-64QK321" failures="0" tests="1" name="selenium.date_picker" time="17.217" errors="0" timestamp="2022-12-28T19:44:09 IST" skipped="0">
  <testcase classname="selenium.date_picker" name="datepicker" time="17.217"/>
  <system-out/>
</testsuite> <!-- selenium.date_picker -->
