<?xml version="1.0" encoding="UTF-8"?>
<!-- Generated by org.testng.reporters.JUnitReportReporter -->
<testsuite hostname="DESKTOP-64QK321" failures="0" tests="1" name="selenium.parameterisation" time="2.279" errors="0" timestamp="2022-12-24T19:25:03 IST" skipped="0">
  <testcase classname="selenium.parameterisation" name="parameterisation" time="2.279"/>
  <system-out/>
</testsuite> <!-- selenium.parameterisation -->
