<?xml version="1.0" encoding="UTF-8"?>
<!-- Generated by org.testng.reporters.JUnitReportReporter -->
<testsuite hostname="DESKTOP-64QK321" failures="0" tests="2" name="selenium.findElement_findelements" time="18.414" errors="0" timestamp="2022-12-21T22:34:04 IST" skipped="0">
  <testcase classname="selenium.findElement_findelements" name="test01" time="11.435"/>
  <system-out/>
  <testcase classname="selenium.findElement_findelements" name="test02" time="6.979"/>
  <system-out/>
</testsuite> <!-- selenium.findElement_findelements -->
