<?xml version="1.0" encoding="UTF-8"?>
<!-- Generated by org.testng.reporters.JUnitReportReporter -->
<testsuite hostname="DESKTOP-64QK321" failures="0" tests="1" name="selenium.broken_link" time="15.093" errors="0" timestamp="2022-12-26T19:49:05 IST" skipped="0">
  <testcase classname="selenium.broken_link" name="brokenlink" time="15.093"/>
  <system-out/>
</testsuite> <!-- selenium.broken_link -->
