<?xml version="1.0" encoding="UTF-8"?>
<!-- Generated by org.testng.reporters.JUnitReportReporter -->
<testsuite hostname="DESKTOP-64QK321" failures="0" tests="1" name="selenium.webtable_Dynamic" time="13.736" errors="0" timestamp="2022-12-28T18:00:21 IST" skipped="0">
  <testcase classname="selenium.webtable_Dynamic" name="dynamic_webtable" time="13.736"/>
  <system-out/>
</testsuite> <!-- selenium.webtable_Dynamic -->
